2022-01-18 01:33:59,380 INFO org.hibernate.validator.internal.util.Version [background-preinit] HV000001: Hibernate Validator 6.2.0.Final
2022-01-18 01:33:59,393 INFO org.springframework.boot.StartupInfoLogger [main] Starting VirtualWalletApplication using Java 1.8.0_292 on DESKTOP-3I058UG with PID 17976 (C:\Users\Munander maan\Documents\virtual-wallet\target\classes started by Munander maan in C:\Users\Munander maan\Documents\virtual-wallet)
2022-01-18 01:33:59,393 DEBUG org.springframework.boot.StartupInfoLogger [main] Running with Spring Boot v2.6.2, Spring v5.3.14
2022-01-18 01:33:59,393 INFO org.springframework.boot.SpringApplication [main] The following profiles are active: local
2022-01-18 01:34:00,616 INFO org.springframework.data.repository.config.RepositoryConfigurationDelegate [main] Bootstrapping Spring Data MongoDB repositories in DEFAULT mode.
2022-01-18 01:34:00,666 INFO org.springframework.data.repository.config.RepositoryConfigurationDelegate [main] Finished Spring Data repository scanning in 46 ms. Found 3 MongoDB repository interfaces.
2022-01-18 01:34:01,429 INFO org.springframework.boot.web.embedded.tomcat.TomcatWebServer [main] Tomcat initialized with port(s): 8080 (http)
2022-01-18 01:34:01,439 INFO org.apache.juli.logging.DirectJDKLog [main] Initializing ProtocolHandler ["http-nio-8080"]
2022-01-18 01:34:01,440 INFO org.apache.juli.logging.DirectJDKLog [main] Starting service [Tomcat]
2022-01-18 01:34:01,440 INFO org.apache.juli.logging.DirectJDKLog [main] Starting Servlet engine: [Apache Tomcat/9.0.56]
2022-01-18 01:34:01,518 INFO org.apache.juli.logging.DirectJDKLog [main] Initializing Spring embedded WebApplicationContext
2022-01-18 01:34:01,518 INFO org.springframework.boot.web.servlet.context.ServletWebServerApplicationContext [main] Root WebApplicationContext: initialization completed in 2072 ms
2022-01-18 01:34:01,842 INFO com.mongodb.diagnostics.logging.SLF4JLogger [main] Cluster created with settings {hosts=[localhost:27017], mode=SINGLE, requiredClusterType=UNKNOWN, serverSelectionTimeout='30000 ms'}
2022-01-18 01:34:01,907 INFO com.mongodb.diagnostics.logging.SLF4JLogger [cluster-ClusterId{value='61e5cbb18ad8ca5b99c98e32', description='null'}-localhost:27017] Opened connection [connectionId{localValue:2, serverValue:138}] to localhost:27017
2022-01-18 01:34:01,907 INFO com.mongodb.diagnostics.logging.SLF4JLogger [cluster-rtt-ClusterId{value='61e5cbb18ad8ca5b99c98e32', description='null'}-localhost:27017] Opened connection [connectionId{localValue:1, serverValue:137}] to localhost:27017
2022-01-18 01:34:01,907 INFO com.mongodb.diagnostics.logging.SLF4JLogger [cluster-ClusterId{value='61e5cbb18ad8ca5b99c98e32', description='null'}-localhost:27017] Monitor thread successfully connected to server with description ServerDescription{address=localhost:27017, type=STANDALONE, state=CONNECTED, ok=true, minWireVersion=0, maxWireVersion=13, maxDocumentSize=16777216, logicalSessionTimeoutMinutes=30, roundTripTimeNanos=23164300}
2022-01-18 01:34:02,430 INFO org.springframework.security.web.DefaultSecurityFilterChain [main] Will secure any request with [org.springframework.security.web.context.request.async.WebAsyncManagerIntegrationFilter@c689973, org.springframework.security.web.context.SecurityContextPersistenceFilter@630bf683, org.springframework.security.web.header.HeaderWriterFilter@37348491, org.springframework.security.web.authentication.logout.LogoutFilter@4dac121d, org.springframework.security.web.authentication.www.BasicAuthenticationFilter@55fdf7f9, org.springframework.security.web.savedrequest.RequestCacheAwareFilter@65afeb6d, org.springframework.security.web.servletapi.SecurityContextHolderAwareRequestFilter@7ab1127c, org.springframework.security.web.authentication.AnonymousAuthenticationFilter@41fa769c, org.springframework.security.web.session.SessionManagementFilter@310ed6b4, org.springframework.security.web.access.ExceptionTranslationFilter@4d157493, org.springframework.security.web.access.intercept.FilterSecurityInterceptor@4ed9f7b1]
2022-01-18 01:34:02,807 INFO org.springframework.boot.actuate.endpoint.web.EndpointLinksResolver [main] Exposing 1 endpoint(s) beneath base path '/actuator'
2022-01-18 01:34:02,830 INFO org.apache.juli.logging.DirectJDKLog [main] Starting ProtocolHandler ["http-nio-8080"]
2022-01-18 01:34:02,847 INFO org.springframework.boot.web.embedded.tomcat.TomcatWebServer [main] Tomcat started on port(s): 8080 (http) with context path ''
2022-01-18 01:34:02,860 INFO org.springframework.boot.StartupInfoLogger [main] Started VirtualWalletApplication in 4.027 seconds (JVM running for 4.414)
